practice6/build/intermediates/manifest_merge_blame_file/debug/manifest-merger-blame-debug-report.txt
1<?xml version="1.0" encoding="utf-8"?>
2<manifest xmlns:android="http://schemas.android.com/apk/res/android"
3    package="com.zidanyazidhimawan_19102275.practice6"
4    android:versionCode="1"
5    android:versionName="1.0" >
6
7    <uses-sdk
8        android:minSdkVersion="26"
8-->src\main\AndroidManifest.xml
9        android:targetSdkVersion="32" />
9-->src\main\AndroidManifest.xml
10
11    <uses-permission android:name="android.permission.INTERNET" />
11-->src\main\AndroidManifest.xml:5:5-67
11-->src\main\AndroidManifest.xml:5:22-64
12
13    <!-- Include required permissions for Google Maps API to run. -->
14    <uses-permission android:name="android.permission.ACCESS_NETWORK_STATE" />
14-->[com.google.android.gms:play-services-maps:18.0.2] AndroidManifest.xml:23:5-79
14-->[com.google.android.gms:play-services-maps:18.0.2] AndroidManifest.xml:23:22-76
15
16    <uses-feature
16-->[com.google.android.gms:play-services-maps:18.0.2] AndroidManifest.xml:26:5-28:35
17        android:glEsVersion="0x00020000"
17-->[com.google.android.gms:play-services-maps:18.0.2] AndroidManifest.xml:27:9-41
18        android:required="true" />
18-->[com.google.android.gms:play-services-maps:18.0.2] AndroidManifest.xml:28:9-32
19
20    <queries>
20-->[com.google.android.gms:play-services-maps:18.0.2] AndroidManifest.xml:30:5-34:15
21
22        <!-- Needs to be explicitly declared on Android R+ -->
23        <package android:name="com.google.android.apps.maps" />
23-->[com.google.android.gms:play-services-maps:18.0.2] AndroidManifest.xml:33:9-64
23-->[com.google.android.gms:play-services-maps:18.0.2] AndroidManifest.xml:33:18-61
24    </queries>
25
26    <application
26-->src\main\AndroidManifest.xml:7:5-28:19
27        android:allowBackup="true"
27-->src\main\AndroidManifest.xml:8:9-35
28        android:appComponentFactory="androidx.core.app.CoreComponentFactory"
28-->[androidx.core:core:1.7.0] AndroidManifest.xml:24:18-86
29        android:debuggable="true"
30        android:extractNativeLibs="false"
31        android:icon="@mipmap/ic_launcher"
31-->src\main\AndroidManifest.xml:9:9-43
32        android:label="@string/app_name"
32-->src\main\AndroidManifest.xml:10:9-41
33        android:roundIcon="@mipmap/ic_launcher_round"
33-->src\main\AndroidManifest.xml:11:9-54
34        android:supportsRtl="true"
34-->src\main\AndroidManifest.xml:12:9-35
35        android:theme="@style/Theme.MyProject" >
35-->src\main\AndroidManifest.xml:13:9-47
36        <activity
36-->src\main\AndroidManifest.xml:14:9-18:66
37            android:name="com.zidanyazidhimawan_19102275.practice6.DetailActivity"
37-->src\main\AndroidManifest.xml:15:13-43
38            android:exported="false"
38-->src\main\AndroidManifest.xml:16:13-37
39            android:label="@string/title_activity_detail"
39-->src\main\AndroidManifest.xml:17:13-58
40            android:theme="@style/Theme.MyProject.NoActionBar" />
40-->src\main\AndroidManifest.xml:18:13-63
41        <activity
41-->src\main\AndroidManifest.xml:19:9-27:20
42            android:name="com.zidanyazidhimawan_19102275.practice6.MainActivity"
42-->src\main\AndroidManifest.xml:20:13-41
43            android:exported="true" >
43-->src\main\AndroidManifest.xml:21:13-36
44            <intent-filter>
44-->src\main\AndroidManifest.xml:22:13-26:29
45                <action android:name="android.intent.action.MAIN" />
45-->src\main\AndroidManifest.xml:23:17-69
45-->src\main\AndroidManifest.xml:23:25-66
46
47                <category android:name="android.intent.category.LAUNCHER" />
47-->src\main\AndroidManifest.xml:25:17-77
47-->src\main\AndroidManifest.xml:25:27-74
48            </intent-filter>
49        </activity>
50        <!-- Needs to be explicitly declared on P+ -->
51        <uses-library
51-->[com.google.android.gms:play-services-maps:18.0.2] AndroidManifest.xml:39:9-41:40
52            android:name="org.apache.http.legacy"
52-->[com.google.android.gms:play-services-maps:18.0.2] AndroidManifest.xml:40:13-50
53            android:required="false" />
53-->[com.google.android.gms:play-services-maps:18.0.2] AndroidManifest.xml:41:13-37
54
55        <activity
55-->[com.google.android.gms:play-services-base:18.0.1] AndroidManifest.xml:20:9-22:45
56            android:name="com.google.android.gms.common.api.GoogleApiActivity"
56-->[com.google.android.gms:play-services-base:18.0.1] AndroidManifest.xml:20:19-85
57            android:exported="false"
57-->[com.google.android.gms:play-services-base:18.0.1] AndroidManifest.xml:22:19-43
58            android:theme="@android:style/Theme.Translucent.NoTitleBar" />
58-->[com.google.android.gms:play-services-base:18.0.1] AndroidManifest.xml:21:19-78
59
60        <meta-data
60-->[com.google.android.gms:play-services-basement:18.0.0] AndroidManifest.xml:21:9-23:69
61            android:name="com.google.android.gms.version"
61-->[com.google.android.gms:play-services-basement:18.0.0] AndroidManifest.xml:22:13-58
62            android:value="@integer/google_play_services_version" />
62-->[com.google.android.gms:play-services-basement:18.0.0] AndroidManifest.xml:23:13-66
63
64        <provider
64-->[androidx.emoji2:emoji2:1.0.0] AndroidManifest.xml:26:9-34:20
65            android:name="androidx.startup.InitializationProvider"
65-->[androidx.emoji2:emoji2:1.0.0] AndroidManifest.xml:27:13-67
66            android:authorities="com.zidanyazidhimawan_19102275.practice6.androidx-startup"
66-->[androidx.emoji2:emoji2:1.0.0] AndroidManifest.xml:28:13-68
67            android:exported="false" >
67-->[androidx.emoji2:emoji2:1.0.0] AndroidManifest.xml:29:13-37
68            <meta-data
68-->[androidx.emoji2:emoji2:1.0.0] AndroidManifest.xml:31:13-33:52
69                android:name="androidx.emoji2.text.EmojiCompatInitializer"
69-->[androidx.emoji2:emoji2:1.0.0] AndroidManifest.xml:32:17-75
70                android:value="androidx.startup" />
70-->[androidx.emoji2:emoji2:1.0.0] AndroidManifest.xml:33:17-49
71            <meta-data
71-->[androidx.lifecycle:lifecycle-process:2.4.0] AndroidManifest.xml:31:13-33:52
72                android:name="androidx.lifecycle.ProcessLifecycleInitializer"
72-->[androidx.lifecycle:lifecycle-process:2.4.0] AndroidManifest.xml:32:17-78
73                android:value="androidx.startup" />
73-->[androidx.lifecycle:lifecycle-process:2.4.0] AndroidManifest.xml:33:17-49
74        </provider>
75    </application>
76
77</manifest>